Determining if the pthread_create exist failed with the following output:
Change Dir: /home/yt/cartographer_ws/protobuf/build/CMakeFiles/CMakeTmp

Run Build Command:"/usr/bin/ninja" "cmTC_6bbf0"
[1/2] Building C object CMakeFiles/cmTC_6bbf0.dir/CheckSymbolExists.c.o
[2/2] Linking C executable cmTC_6bbf0
FAILED: cmTC_6bbf0 
: && /usr/bin/cc   -rdynamic CMakeFiles/cmTC_6bbf0.dir/CheckSymbolExists.c.o  -o cmTC_6bbf0   && :
CMakeFiles/cmTC_6bbf0.dir/CheckSymbolExists.c.o：在函数‘main’中：
CheckSymbolExists.c:(.text+0x1b)：对‘pthread_create’未定义的引用
collect2: error: ld returned 1 exit status
ninja: build stopped: subcommand failed.

File /home/yt/cartographer_ws/protobuf/build/CMakeFiles/CMakeTmp/CheckSymbolExists.c:
/* */
#include <pthread.h>

int main(int argc, char** argv)
{
  (void)argv;
#ifndef pthread_create
  return ((int*)(&pthread_create))[argc];
#else
  (void)argc;
  return 0;
#endif
}

Determining if the function pthread_create exists in the pthreads failed with the following output:
Change Dir: /home/yt/cartographer_ws/protobuf/build/CMakeFiles/CMakeTmp

Run Build Command:"/usr/bin/ninja" "cmTC_09284"
[1/2] Building C object CMakeFiles/cmTC_09284.dir/CheckFunctionExists.c.o
[2/2] Linking C executable cmTC_09284
FAILED: cmTC_09284 
: && /usr/bin/cc -DCHECK_FUNCTION_EXISTS=pthread_create  -rdynamic CMakeFiles/cmTC_09284.dir/CheckFunctionExists.c.o  -o cmTC_09284  -lpthreads && :
/usr/bin/ld: 找不到 -lpthreads
collect2: error: ld returned 1 exit status
ninja: build stopped: subcommand failed.


