Determining if the pthread_create exist failed with the following output:
Change Dir: /home/gzb/catkin_workspace/build/cv_bridge/CMakeFiles/CMakeTmp

Run Build Command:"/usr/bin/make" "cmTC_0be1f/fast"
/usr/bin/make -f CMakeFiles/cmTC_0be1f.dir/build.make CMakeFiles/cmTC_0be1f.dir/build
make[1]: Entering directory '/home/gzb/catkin_workspace/build/cv_bridge/CMakeFiles/CMakeTmp'
Building C object CMakeFiles/cmTC_0be1f.dir/CheckSymbolExists.c.o
/usr/bin/cc     -o CMakeFiles/cmTC_0be1f.dir/CheckSymbolExists.c.o   -c /home/gzb/catkin_workspace/build/cv_bridge/CMakeFiles/CMakeTmp/CheckSymbolExists.c
Linking C executable cmTC_0be1f
/usr/bin/cmake -E cmake_link_script CMakeFiles/cmTC_0be1f.dir/link.txt --verbose=1
/usr/bin/cc       CMakeFiles/cmTC_0be1f.dir/CheckSymbolExists.c.o  -o cmTC_0be1f -rdynamic 
CMakeFiles/cmTC_0be1f.dir/CheckSymbolExists.c.o：在函数‘main’中：
CheckSymbolExists.c:(.text+0x16)：对‘pthread_create’未定义的引用
collect2: error: ld returned 1 exit status
CMakeFiles/cmTC_0be1f.dir/build.make:97: recipe for target 'cmTC_0be1f' failed
make[1]: *** [cmTC_0be1f] Error 1
make[1]: Leaving directory '/home/gzb/catkin_workspace/build/cv_bridge/CMakeFiles/CMakeTmp'
Makefile:126: recipe for target 'cmTC_0be1f/fast' failed
make: *** [cmTC_0be1f/fast] Error 2

File /home/gzb/catkin_workspace/build/cv_bridge/CMakeFiles/CMakeTmp/CheckSymbolExists.c:
/* */
#include <pthread.h>

int main(int argc, char** argv)
{
  (void)argv;
#ifndef pthread_create
  return ((int*)(&pthread_create))[argc];
#else
  (void)argc;
  return 0;
#endif
}

Determining if the function pthread_create exists in the pthreads failed with the following output:
Change Dir: /home/gzb/catkin_workspace/build/cv_bridge/CMakeFiles/CMakeTmp

Run Build Command:"/usr/bin/make" "cmTC_9e5a2/fast"
/usr/bin/make -f CMakeFiles/cmTC_9e5a2.dir/build.make CMakeFiles/cmTC_9e5a2.dir/build
make[1]: Entering directory '/home/gzb/catkin_workspace/build/cv_bridge/CMakeFiles/CMakeTmp'
Building C object CMakeFiles/cmTC_9e5a2.dir/CheckFunctionExists.c.o
/usr/bin/cc    -DCHECK_FUNCTION_EXISTS=pthread_create   -o CMakeFiles/cmTC_9e5a2.dir/CheckFunctionExists.c.o   -c /usr/share/cmake-3.5/Modules/CheckFunctionExists.c
Linking C executable cmTC_9e5a2
/usr/bin/cmake -E cmake_link_script CMakeFiles/cmTC_9e5a2.dir/link.txt --verbose=1
/usr/bin/cc   -DCHECK_FUNCTION_EXISTS=pthread_create    CMakeFiles/cmTC_9e5a2.dir/CheckFunctionExists.c.o  -o cmTC_9e5a2 -rdynamic -lpthreads 
/usr/bin/ld: 找不到 -lpthreads
collect2: error: ld returned 1 exit status
CMakeFiles/cmTC_9e5a2.dir/build.make:97: recipe for target 'cmTC_9e5a2' failed
make[1]: *** [cmTC_9e5a2] Error 1
make[1]: Leaving directory '/home/gzb/catkin_workspace/build/cv_bridge/CMakeFiles/CMakeTmp'
Makefile:126: recipe for target 'cmTC_9e5a2/fast' failed
make: *** [cmTC_9e5a2/fast] Error 2


